This is pdfTeX, Version 3.1415926-1.40.10 (MiKTeX 2.8) (preloaded format=pdflatex 2010.12.1)  3 FEB 2011 19:33
entering extended mode
**E:/Diplomka_v_LaTeXu/Main.tex
(E:/Diplomka_v_LaTeXu/Main.tex
LaTeX2e <2009/09/24>
Babel <v3.8l> and hyphenation patterns for english, dumylang, nohyphenation, ge
rman, ngerman, german-x-2009-06-19, ngerman-x-2009-06-19, french, loaded.
("C:\Program Files (x86)\MiKTeX 2.8\tex\latex\base\book.cls"
Document Class: book 2007/10/19 v1.4h Standard LaTeX document class
("C:\Program Files (x86)\MiKTeX 2.8\tex\latex\base\bk11.clo"
File: bk11.clo 2007/10/19 v1.4h Standard LaTeX file (size option)
)
\c@part=\count79
\c@chapter=\count80
\c@section=\count81
\c@subsection=\count82
\c@subsubsection=\count83
\c@paragraph=\count84
\c@subparagraph=\count85
\c@figure=\count86
\c@table=\count87
\abovecaptionskip=\skip41
\belowcaptionskip=\skip42
\bibindent=\dimen102
)
("C:\Program Files (x86)\MiKTeX 2.8\tex\generic\babel\babel.sty"
Package: babel 2008/07/06 v3.8l The Babel package

*************************************
* Local config file bblopts.cfg used
*
("C:\Program Files (x86)\MiKTeX 2.8\tex\latex\00miktex\bblopts.cfg"
File: bblopts.cfg 2006/07/31 v1.0 MiKTeX 'babel' configuration
)
("C:\Program Files (x86)\MiKTeX 2.8\tex\generic\babel\czech.ldf"
Language: czech 2008/07/06 v3.1a Czech support from the babel system

("C:\Program Files (x86)\MiKTeX 2.8\tex\generic\babel\babel.def"
File: babel.def 2008/07/06 v3.8l Babel common definitions
\babel@savecnt=\count88
\U@D=\dimen103
)

Package babel Warning: No hyphenation patterns were loaded for
(babel)                the language `Czech'
(babel)                I will use the patterns loaded for \language=0 instead.

\l@czech = a dialect from \language0
Package babel Info: Making " an active character on input line 172.
\cs@wordlen=\count89
Package babel Info: Making - an active character on input line 226.
)) ("C:\Program Files (x86)\MiKTeX 2.8\tex\latex\base\inputenc.sty"
Package: inputenc 2008/03/30 v1.1d Input encoding file
\inpenc@prehook=\toks14
\inpenc@posthook=\toks15

("C:\Program Files (x86)\MiKTeX 2.8\tex\latex\base\utf8.def"
File: utf8.def 2008/04/05 v1.1m UTF-8 support for inputenc
Now handling font encoding OML ...
... no UTF-8 mapping file for font encoding OML
Now handling font encoding T1 ...
... processing UTF-8 mapping file for font encoding T1

("C:\Program Files (x86)\MiKTeX 2.8\tex\latex\base\t1enc.dfu"
File: t1enc.dfu 2008/04/05 v1.1m UTF-8 support for inputenc
   defining Unicode char U+00A1 (decimal 161)
   defining Unicode char U+00A3 (decimal 163)
   defining Unicode char U+00AB (decimal 171)
   defining Unicode char U+00BB (decimal 187)
   defining Unicode char U+00BF (decimal 191)
   defining Unicode char U+00C0 (decimal 192)
   defining Unicode char U+00C1 (decimal 193)
   defining Unicode char U+00C2 (decimal 194)
   defining Unicode char U+00C3 (decimal 195)
   defining Unicode char U+00C4 (decimal 196)
   defining Unicode char U+00C5 (decimal 197)
   defining Unicode char U+00C6 (decimal 198)
   defining Unicode char U+00C7 (decimal 199)
   defining Unicode char U+00C8 (decimal 200)
   defining Unicode char U+00C9 (decimal 201)
   defining Unicode char U+00CA (decimal 202)
   defining Unicode char U+00CB (decimal 203)
   defining Unicode char U+00CC (decimal 204)
   defining Unicode char U+00CD (decimal 205)
   defining Unicode char U+00CE (decimal 206)
   defining Unicode char U+00CF (decimal 207)
   defining Unicode char U+00D0 (decimal 208)
   defining Unicode char U+00D1 (decimal 209)
   defining Unicode char U+00D2 (decimal 210)
   defining Unicode char U+00D3 (decimal 211)
   defining Unicode char U+00D4 (decimal 212)
   defining Unicode char U+00D5 (decimal 213)
   defining Unicode char U+00D6 (decimal 214)
   defining Unicode char U+00D8 (decimal 216)
   defining Unicode char U+00D9 (decimal 217)
   defining Unicode char U+00DA (decimal 218)
   defining Unicode char U+00DB (decimal 219)
   defining Unicode char U+00DC (decimal 220)
   defining Unicode char U+00DD (decimal 221)
   defining Unicode char U+00DE (decimal 222)
   defining Unicode char U+00DF (decimal 223)
   defining Unicode char U+00E0 (decimal 224)
   defining Unicode char U+00E1 (decimal 225)
   defining Unicode char U+00E2 (decimal 226)
   defining Unicode char U+00E3 (decimal 227)
   defining Unicode char U+00E4 (decimal 228)
   defining Unicode char U+00E5 (decimal 229)
   defining Unicode char U+00E6 (decimal 230)
   defining Unicode char U+00E7 (decimal 231)
   defining Unicode char U+00E8 (decimal 232)
   defining Unicode char U+00E9 (decimal 233)
   defining Unicode char U+00EA (decimal 234)
   defining Unicode char U+00EB (decimal 235)
   defining Unicode char U+00EC (decimal 236)
   defining Unicode char U+00ED (decimal 237)
   defining Unicode char U+00EE (decimal 238)
   defining Unicode char U+00EF (decimal 239)
   defining Unicode char U+00F0 (decimal 240)
   defining Unicode char U+00F1 (decimal 241)
   defining Unicode char U+00F2 (decimal 242)
   defining Unicode char U+00F3 (decimal 243)
   defining Unicode char U+00F4 (decimal 244)
   defining Unicode char U+00F5 (decimal 245)
   defining Unicode char U+00F6 (decimal 246)
   defining Unicode char U+00F8 (decimal 248)
   defining Unicode char U+00F9 (decimal 249)
   defining Unicode char U+00FA (decimal 250)
   defining Unicode char U+00FB (decimal 251)
   defining Unicode char U+00FC (decimal 252)
   defining Unicode char U+00FD (decimal 253)
   defining Unicode char U+00FE (decimal 254)
   defining Unicode char U+00FF (decimal 255)
   defining Unicode char U+0102 (decimal 258)
   defining Unicode char U+0103 (decimal 259)
   defining Unicode char U+0104 (decimal 260)
   defining Unicode char U+0105 (decimal 261)
   defining Unicode char U+0106 (decimal 262)
   defining Unicode char U+0107 (decimal 263)
   defining Unicode char U+010C (decimal 268)
   defining Unicode char U+010D (decimal 269)
   defining Unicode char U+010E (decimal 270)
   defining Unicode char U+010F (decimal 271)
   defining Unicode char U+0110 (decimal 272)
   defining Unicode char U+0111 (decimal 273)
   defining Unicode char U+0118 (decimal 280)
   defining Unicode char U+0119 (decimal 281)
   defining Unicode char U+011A (decimal 282)
   defining Unicode char U+011B (decimal 283)
   defining Unicode char U+011E (decimal 286)
   defining Unicode char U+011F (decimal 287)
   defining Unicode char U+0130 (decimal 304)
   defining Unicode char U+0131 (decimal 305)
   defining Unicode char U+0132 (decimal 306)
   defining Unicode char U+0133 (decimal 307)
   defining Unicode char U+0139 (decimal 313)
   defining Unicode char U+013A (decimal 314)
   defining Unicode char U+013D (decimal 317)
   defining Unicode char U+013E (decimal 318)
   defining Unicode char U+0141 (decimal 321)
   defining Unicode char U+0142 (decimal 322)
   defining Unicode char U+0143 (decimal 323)
   defining Unicode char U+0144 (decimal 324)
   defining Unicode char U+0147 (decimal 327)
   defining Unicode char U+0148 (decimal 328)
   defining Unicode char U+014A (decimal 330)
   defining Unicode char U+014B (decimal 331)
   defining Unicode char U+0150 (decimal 336)
   defining Unicode char U+0151 (decimal 337)
   defining Unicode char U+0152 (decimal 338)
   defining Unicode char U+0153 (decimal 339)
   defining Unicode char U+0154 (decimal 340)
   defining Unicode char U+0155 (decimal 341)
   defining Unicode char U+0158 (decimal 344)
   defining Unicode char U+0159 (decimal 345)
   defining Unicode char U+015A (decimal 346)
   defining Unicode char U+015B (decimal 347)
   defining Unicode char U+015E (decimal 350)
   defining Unicode char U+015F (decimal 351)
   defining Unicode char U+0160 (decimal 352)
   defining Unicode char U+0161 (decimal 353)
   defining Unicode char U+0162 (decimal 354)
   defining Unicode char U+0163 (decimal 355)
   defining Unicode char U+0164 (decimal 356)
   defining Unicode char U+0165 (decimal 357)
   defining Unicode char U+016E (decimal 366)
   defining Unicode char U+016F (decimal 367)
   defining Unicode char U+0170 (decimal 368)
   defining Unicode char U+0171 (decimal 369)
   defining Unicode char U+0178 (decimal 376)
   defining Unicode char U+0179 (decimal 377)
   defining Unicode char U+017A (decimal 378)
   defining Unicode char U+017B (decimal 379)
   defining Unicode char U+017C (decimal 380)
   defining Unicode char U+017D (decimal 381)
   defining Unicode char U+017E (decimal 382)
   defining Unicode char U+200C (decimal 8204)
   defining Unicode char U+2013 (decimal 8211)
   defining Unicode char U+2014 (decimal 8212)
   defining Unicode char U+2018 (decimal 8216)
   defining Unicode char U+2019 (decimal 8217)
   defining Unicode char U+201A (decimal 8218)
   defining Unicode char U+201C (decimal 8220)
   defining Unicode char U+201D (decimal 8221)
   defining Unicode char U+201E (decimal 8222)
   defining Unicode char U+2030 (decimal 8240)
   defining Unicode char U+2031 (decimal 8241)
   defining Unicode char U+2039 (decimal 8249)
   defining Unicode char U+203A (decimal 8250)
   defining Unicode char U+2423 (decimal 9251)
)
Now handling font encoding OT1 ...
... processing UTF-8 mapping file for font encoding OT1

("C:\Program Files (x86)\MiKTeX 2.8\tex\latex\base\ot1enc.dfu"
File: ot1enc.dfu 2008/04/05 v1.1m UTF-8 support for inputenc
   defining Unicode char U+00A1 (decimal 161)
   defining Unicode char U+00A3 (decimal 163)
   defining Unicode char U+00B8 (decimal 184)
   defining Unicode char U+00BF (decimal 191)
   defining Unicode char U+00C5 (decimal 197)
   defining Unicode char U+00C6 (decimal 198)
   defining Unicode char U+00D8 (decimal 216)
   defining Unicode char U+00DF (decimal 223)
   defining Unicode char U+00E6 (decimal 230)
   defining Unicode char U+00EC (decimal 236)
   defining Unicode char U+00ED (decimal 237)
   defining Unicode char U+00EE (decimal 238)
   defining Unicode char U+00EF (decimal 239)
   defining Unicode char U+00F8 (decimal 248)
   defining Unicode char U+0131 (decimal 305)
   defining Unicode char U+0141 (decimal 321)
   defining Unicode char U+0142 (decimal 322)
   defining Unicode char U+0152 (decimal 338)
   defining Unicode char U+0153 (decimal 339)
   defining Unicode char U+2013 (decimal 8211)
   defining Unicode char U+2014 (decimal 8212)
   defining Unicode char U+2018 (decimal 8216)
   defining Unicode char U+2019 (decimal 8217)
   defining Unicode char U+201C (decimal 8220)
   defining Unicode char U+201D (decimal 8221)
)
Now handling font encoding OMS ...
... processing UTF-8 mapping file for font encoding OMS

("C:\Program Files (x86)\MiKTeX 2.8\tex\latex\base\omsenc.dfu"
File: omsenc.dfu 2008/04/05 v1.1m UTF-8 support for inputenc
   defining Unicode char U+00A7 (decimal 167)
   defining Unicode char U+00B6 (decimal 182)
   defining Unicode char U+00B7 (decimal 183)
   defining Unicode char U+2020 (decimal 8224)
   defining Unicode char U+2021 (decimal 8225)
   defining Unicode char U+2022 (decimal 8226)
)
Now handling font encoding OMX ...
... no UTF-8 mapping file for font encoding OMX
Now handling font encoding U ...
... no UTF-8 mapping file for font encoding U
   defining Unicode char U+00A9 (decimal 169)
   defining Unicode char U+00AA (decimal 170)
   defining Unicode char U+00AE (decimal 174)
   defining Unicode char U+00BA (decimal 186)
   defining Unicode char U+02C6 (decimal 710)
   defining Unicode char U+02DC (decimal 732)
   defining Unicode char U+200C (decimal 8204)
   defining Unicode char U+2026 (decimal 8230)
   defining Unicode char U+2122 (decimal 8482)
   defining Unicode char U+2423 (decimal 9251)
))
("C:\Program Files (x86)\MiKTeX 2.8\tex\latex\base\fontenc.sty"
Package: fontenc 2005/09/27 v1.99g Standard LaTeX package

("C:\Program Files (x86)\MiKTeX 2.8\tex\latex\base\t1enc.def"
File: t1enc.def 2005/09/27 v1.99g Standard LaTeX file
LaTeX Font Info:    Redeclaring font encoding T1 on input line 43.
))
("C:\Program Files (x86)\MiKTeX 2.8\tex\latex\ams\math\amsmath.sty"
Package: amsmath 2000/07/18 v2.13 AMS math features
\@mathmargin=\skip43

For additional information on amsmath, use the `?' option.
("C:\Program Files (x86)\MiKTeX 2.8\tex\latex\ams\math\amstext.sty"
Package: amstext 2000/06/29 v2.01

("C:\Program Files (x86)\MiKTeX 2.8\tex\latex\ams\math\amsgen.sty"
File: amsgen.sty 1999/11/30 v2.0
\@emptytoks=\toks16
\ex@=\dimen104
))
("C:\Program Files (x86)\MiKTeX 2.8\tex\latex\ams\math\amsbsy.sty"
Package: amsbsy 1999/11/29 v1.2d
\pmbraise@=\dimen105
)
("C:\Program Files (x86)\MiKTeX 2.8\tex\latex\ams\math\amsopn.sty"
Package: amsopn 1999/12/14 v2.01 operator names
)
\inf@bad=\count90
LaTeX Info: Redefining \frac on input line 211.
\uproot@=\count91
\leftroot@=\count92
LaTeX Info: Redefining \overline on input line 307.
\classnum@=\count93
\DOTSCASE@=\count94
LaTeX Info: Redefining \ldots on input line 379.
LaTeX Info: Redefining \dots on input line 382.
LaTeX Info: Redefining \cdots on input line 467.
\Mathstrutbox@=\box26
\strutbox@=\box27
\big@size=\dimen106
LaTeX Font Info:    Redeclaring font encoding OML on input line 567.
LaTeX Font Info:    Redeclaring font encoding OMS on input line 568.
\macc@depth=\count95
\c@MaxMatrixCols=\count96
\dotsspace@=\muskip10
\c@parentequation=\count97
\dspbrk@lvl=\count98
\tag@help=\toks17
\row@=\count99
\column@=\count100
\maxfields@=\count101
\andhelp@=\toks18
\eqnshift@=\dimen107
\alignsep@=\dimen108
\tagshift@=\dimen109
\tagwidth@=\dimen110
\totwidth@=\dimen111
\lineht@=\dimen112
\@envbody=\toks19
\multlinegap=\skip44
\multlinetaggap=\skip45
\mathdisplay@stack=\toks20
LaTeX Info: Redefining \[ on input line 2666.
LaTeX Info: Redefining \] on input line 2667.
)
("C:\Program Files (x86)\MiKTeX 2.8\tex\latex\amsfonts\amsfonts.sty"
Package: amsfonts 2009/06/22 v3.00 Basic AMSFonts support
\symAMSa=\mathgroup4
\symAMSb=\mathgroup5
LaTeX Font Info:    Overwriting math alphabet `\mathfrak' in version `bold'
(Font)                  U/euf/m/n --> U/euf/b/n on input line 96.
)
("C:\Program Files (x86)\MiKTeX 2.8\tex\latex\amsfonts\amssymb.sty"
Package: amssymb 2009/06/22 v3.00
)
("C:\Program Files (x86)\MiKTeX 2.8\tex\latex\graphics\graphicx.sty"
Package: graphicx 1999/02/16 v1.0f Enhanced LaTeX Graphics (DPC,SPQR)

("C:\Program Files (x86)\MiKTeX 2.8\tex\latex\graphics\keyval.sty"
Package: keyval 1999/03/16 v1.13 key=value parser (DPC)
\KV@toks@=\toks21
)
("C:\Program Files (x86)\MiKTeX 2.8\tex\latex\graphics\graphics.sty"
Package: graphics 2009/02/05 v1.0o Standard LaTeX Graphics (DPC,SPQR)

("C:\Program Files (x86)\MiKTeX 2.8\tex\latex\graphics\trig.sty"
Package: trig 1999/03/16 v1.09 sin cos tan (DPC)
)
("C:\Program Files (x86)\MiKTeX 2.8\tex\latex\00miktex\graphics.cfg"
File: graphics.cfg 2007/01/18 v1.5 graphics configuration of teTeX/TeXLive
)
Package graphics Info: Driver file: pdftex.def on input line 91.

("C:\Program Files (x86)\MiKTeX 2.8\tex\latex\pdftex-def\pdftex.def"
File: pdftex.def 2010/11/26 v0.05c Graphics/color for pdfTeX
\Gread@gobject=\count102
))
\Gin@req@height=\dimen113
\Gin@req@width=\dimen114
)
("C:\Program Files (x86)\MiKTeX 2.8\tex\latex\fancyhdr\fancyhdr.sty"
\fancy@headwidth=\skip46
\f@ncyO@elh=\skip47
\f@ncyO@erh=\skip48
\f@ncyO@olh=\skip49
\f@ncyO@orh=\skip50
\f@ncyO@elf=\skip51
\f@ncyO@erf=\skip52
\f@ncyO@olf=\skip53
\f@ncyO@orf=\skip54
)
("C:\Program Files (x86)\MiKTeX 2.8\tex\latex\quotchap\quotchap.sty"
Package: quotchap 2011/01/15 v1.0 Decorative Chapter Headings with Quotes

("C:\Program Files (x86)\MiKTeX 2.8\tex\latex\graphics\color.sty"
Package: color 2005/11/14 v1.0j Standard LaTeX Color (DPC)

("C:\Program Files (x86)\MiKTeX 2.8\tex\latex\00miktex\color.cfg"
File: color.cfg 2007/01/18 v1.5 color configuration of teTeX/TeXLive
)
Package color Info: Driver file: pdftex.def on input line 130.
)
\@quotebox=\box28
)
("C:\Program Files (x86)\MiKTeX 2.8\tex\latex\mdwtools\mdwlist.sty"
Package: mdwlist 1996/05/02 1.1 Various list-related things
)

Package Fancyhdr Warning: \fancyhead's `E' option without twoside option is use
less on input line 27.

(E:\Diplomka_v_LaTeXu\Main.aux (E:\Diplomka_v_LaTeXu\Literatura.aux))
LaTeX Font Info:    Checking defaults for OML/cmm/m/it on input line 65.
LaTeX Font Info:    ... okay on input line 65.
LaTeX Font Info:    Checking defaults for T1/cmr/m/n on input line 65.
LaTeX Font Info:    ... okay on input line 65.
LaTeX Font Info:    Checking defaults for OT1/cmr/m/n on input line 65.
LaTeX Font Info:    ... okay on input line 65.
LaTeX Font Info:    Checking defaults for OMS/cmsy/m/n on input line 65.
LaTeX Font Info:    ... okay on input line 65.
LaTeX Font Info:    Checking defaults for OMX/cmex/m/n on input line 65.
LaTeX Font Info:    ... okay on input line 65.
LaTeX Font Info:    Checking defaults for U/cmr/m/n on input line 65.
LaTeX Font Info:    ... okay on input line 65.

("C:\Program Files (x86)\MiKTeX 2.8\tex\context\base\supp-pdf.tex"
[Loading MPS to PDF converter (version 2006.09.02).]
\scratchcounter=\count103
\scratchdimen=\dimen115
\scratchbox=\box29
\nofMPsegments=\count104
\nofMParguments=\count105
\everyMPshowfont=\toks22
\MPscratchCnt=\count106
\MPscratchDim=\dimen116
\MPnumerator=\count107
\everyMPtoPDFconversion=\toks23
) (E:\Diplomka_v_LaTeXu\Titul.tex [1


{C:/ProgramData/MiKTeX/2.8/pdftex/config/pdftex.map}]) (E:\Diplomka_v_LaTeXu\Pr
ed_uvodem.tex
<zadani1.png, id=9, 1245.65375pt x 1723.43875pt>
File: zadani1.png Graphic file (type png)
 <use zadani1.png>
Overfull \hbox (14.22638pt too wide) in paragraph at lines 6--7
 [][] 
 []

[1

 <E:/Diplomka_v_LaTeXu/zadani1.png (PNG copy)>]
<zadani2.png, id=13, 1225.57875pt x 1706.375pt>
File: zadani2.png Graphic file (type png)
 <use zadani2.png>
Overfull \hbox (14.22638pt too wide) in paragraph at lines 11--12
 [][] 
 []

[1

 <E:/Diplomka_v_LaTeXu/zadani2.png (PNG copy)>]

Package Fancyhdr Warning: \headheight is too small (12.0pt): 
 Make it at least 13.59999pt.
 We now make it that large for the rest of the document.
 This may cause the page layout to be inconsistent, however.

[2]
Underfull \hbox (badness 10000) in paragraph at lines 36--38

 []

[3]
Overfull \hbox (3.3275pt too wide) in paragraph at lines 47--48
[]\T1/cmr/m/n/10.95 Také bych touto ces-tou cht¥l pod¥ko-vat svým rodi£·m a p°í
telkyni Stanislav¥ Mlsnové
 []


Underfull \hbox (badness 10000) in paragraph at lines 47--48

 []

[4])
LaTeX Font Info:    Try loading font information for T1+pbk on input line 71.
 ("C:\Program Files (x86)\MiKTeX 2.8\tex\latex\psnfss\t1pbk.fd"
File: t1pbk.fd 2001/06/04 font definitions for T1/pbk.
)
LaTeX Font Info:    Font shape `T1/pbk/b/n' in size <20.74> not available
(Font)              Font shape `T1/pbk/db/n' tried instead on input line 71.
LaTeX Font Info:    Font shape `T1/pbk/b/n' in size <100> not available
(Font)              Font shape `T1/pbk/db/n' tried instead on input line 71.

(E:\Diplomka_v_LaTeXu\Main.toc
LaTeX Font Info:    Try loading font information for U+msa on input line 5.

("C:\Program Files (x86)\MiKTeX 2.8\tex\latex\amsfonts\umsa.fd"
File: umsa.fd 2009/06/22 v3.00 AMS symbols A
)
LaTeX Font Info:    Try loading font information for U+msb on input line 5.

("C:\Program Files (x86)\MiKTeX 2.8\tex\latex\amsfonts\umsb.fd"
File: umsb.fd 2009/06/22 v3.00 AMS symbols B
))
\tf@toc=\write3
 [5

]
Kapitola 1.
(E:\Diplomka_v_LaTeXu\Uvod.tex
Overfull \hbox (6.59514pt too wide) in paragraph at lines 3--4
\T1/cmr/m/n/10.95 nep°í-pustné úrovn¥ elek-tro-mag-net-ick-ého ru²ení a schop-n
ost bezchyb-ného fun-gování v defi-
 []


Overfull \hbox (1.973pt too wide) in paragraph at lines 7--8
[]\T1/cmr/m/n/10.95 Problematika elek-tro-mag-net-ické kom-pat-i-bil-ity za-°íz
ení velmi ²iroce sou-visí s návrhem
 []


Overfull \hbox (4.23817pt too wide) in paragraph at lines 9--10
\T1/cmr/m/n/10.95 nachází po-drobné odvození vl-nových rovnic elek-tro-mag-net-
ick-ého pole. P°íloha B[] zahrnuje
 []

) [1

]
Kapitola 2.
(E:\Diplomka_v_LaTeXu\Cile.tex
Overfull \hbox (1.22653pt too wide) in paragraph at lines 2--3
\T1/cmr/m/n/10.95 uni-verzální mul-ti-plat-for-mín pro-gram dis-tribuo-vaný pod
 GNU/GPL li-cencí slouºí k °e²ení
 []

) [2

]
Kapitola 3.
(E:\Diplomka_v_LaTeXu\EMC.tex
LaTeX Font Info:    Try loading font information for OMS+cmr on input line 5.

("C:\Program Files (x86)\MiKTeX 2.8\tex\latex\base\omscmr.fd"
File: omscmr.fd 1999/05/25 v2.5h Standard LaTeX font definitions
)
LaTeX Font Info:    Font shape `OMS/cmr/m/n' in size <10.95> not available
(Font)              Font shape `OMS/cmsy/m/n' tried instead on input line 5.
 [3

]
<emc_retezec.png, id=45, 912.5292pt x 302.0886pt>
File: emc_retezec.png Graphic file (type png)
 <use emc_retezec.png>
<emc_emi.png, id=46, 441.0879pt x 316.5426pt>
File: emc_emi.png Graphic file (type png)
 <use emc_emi.png> [4 <E:/Diplomka_v_LaTeXu/emc_retezec.png

pdfTeX warning: pdflatex (file E:/Diplomka_v_LaTeXu/emc_retezec.png): large int
erlaced PNG might cause out of memory (use non-interlaced PNG to fix this)
> <E:/Diplomka_v_LaTeXu/emc_emi.png>]
<emc_ems.png, id=50, 449.5194pt x 326.6604pt>
File: emc_ems.png Graphic file (type png)
 <use emc_ems.png>
<emc_meze.png, id=51, 452.892pt x 222.3507pt>
File: emc_meze.png Graphic file (type png)
 <use emc_meze.png> [5 <E:/Diplomka_v_LaTeXu/emc_ems.png> <E:/Diplomka_v_LaTeXu
/emc_meze.png>] [6]
Underfull \hbox (badness 10000) in paragraph at lines 78--85

 []

[7] <emc_emise2.png, id=63, 729.927pt x 454.0965pt>
File: emc_emise2.png Graphic file (type png)
 <use emc_emise2.png>
Overfull \hbox (5.66719pt too wide) in paragraph at lines 113--124
 [] 
 []

[8 <E:/Diplomka_v_LaTeXu/emc_emise2.png

pdfTeX warning: pdflatex (file E:/Diplomka_v_LaTeXu/emc_emise2.png): large inte
rlaced PNG might cause out of memory (use non-interlaced PNG to fix this)
>] <emc_IO.png, id=67, 455.5419pt x 110.5731pt>
File: emc_IO.png Graphic file (type png)
 <use emc_IO.png>
<emc_vf.png, id=68, 425.1885pt x 162.3666pt>
File: emc_vf.png Graphic file (type png)
 <use emc_vf.png> [9 <E:/Diplomka_v_LaTeXu/emc_IO.png> <E:/Diplomka_v_LaTeXu/em
c_vf.png>]
Overfull \hbox (5.32521pt too wide) in paragraph at lines 156--157
[]\T1/cmr/m/n/10.95 Zkou²ky odol-nosti jsou touto nor-mou speci-fikovány pro zk
-ou²ky pos-tup-ného testování,
 []


Underfull \hbox (badness 10000) in paragraph at lines 165--165
[]\T1/cmr/bx/n/10.95 Základní
 []


Underfull \hbox (badness 10000) in paragraph at lines 165--166
[]\T1/cmr/bx/n/10.95 Funk£ní
 []


Overfull \hbox (0.54298pt too wide) in paragraph at lines 165--166
\T1/cmr/bx/n/10.95 kritérium| 
 []


Underfull \hbox (badness 10000) in paragraph at lines 168--168
[]\T1/cmr/m/n/10.95 Vysokofrekven£ní
 []


Underfull \hbox (badness 10000) in paragraph at lines 168--168
\T1/cmr/m/n/10.95 elek-tro-mag-net-ické
 []


Underfull \hbox (badness 2285) in paragraph at lines 168--168
\T1/cmr/m/n/10.95 pole (am-pli-tu-dov¥
 []


Underfull \hbox (badness 10000) in paragraph at lines 168--168
\T1/cmr/m/n/10.95 20 V/m (ef.)
 []


Overfull \hbox (1.87349pt too wide) in paragraph at lines 168--168
[]\T1/cmr/m/n/10.95 Nemodulovaná
 []


Underfull \hbox (badness 10000) in paragraph at lines 170--170
\T1/cmr/m/n/10.95 20 V/m (ef.)
 []


Overfull \hbox (1.87349pt too wide) in paragraph at lines 170--170
[]\T1/cmr/m/n/10.95 Nemodulovaná
 []


Underfull \hbox (badness 10000) in paragraph at lines 172--172
[]\T1/cmr/m/n/10.95 Vysokofrekven£ní
 []


Underfull \hbox (badness 10000) in paragraph at lines 172--172
\T1/cmr/m/n/10.95 elek-tro-mag-net-ické
 []


Underfull \hbox (badness 10000) in paragraph at lines 172--172
\T1/cmr/m/n/10.95 pole (dig-itální
 []


Underfull \hbox (badness 10000) in paragraph at lines 172--172
\T1/cmr/m/n/10.95 10 V/m (ef.)
 []


Overfull \hbox (1.87349pt too wide) in paragraph at lines 172--172
[]\T1/cmr/m/n/10.95 Nemodulovaná
 []


Overfull \hbox (1.87349pt too wide) in paragraph at lines 174--174
[]\T1/cmr/m/n/10.95 Nemodulovaná
 []


Underfull \hbox (badness 10000) in paragraph at lines 176--176
[]\T1/cmr/m/n/10.95 Elektrostatický
 []


Underfull \hbox (badness 10000) in paragraph at lines 176--176
[]\T1/cmr/m/n/10.95 Kontaktní
 []


Underfull \hbox (badness 10000) in paragraph at lines 176--176
\T1/cmr/m/n/10.95 výboj
 []


Underfull \hbox (badness 10000) in paragraph at lines 176--176
[]
 []


Overfull \hbox (3.09447pt too wide) in paragraph at lines 163--180
 [] 
 []


Underfull \hbox (badness 10000) in paragraph at lines 190--190
[]\T1/cmr/bx/n/10.95 Základní
 []


Underfull \hbox (badness 10000) in paragraph at lines 190--191
[]\T1/cmr/bx/n/10.95 Funk£ní
 []


Overfull \hbox (0.54298pt too wide) in paragraph at lines 190--191
\T1/cmr/bx/n/10.95 kritérium| 
 []


Underfull \hbox (badness 10000) in paragraph at lines 193--193
[]\T1/cmr/m/n/10.95 Vysokofrekven£ní
 []


Underfull \hbox (badness 1052) in paragraph at lines 193--193
[]\T1/cmr/m/n/10.95 0,15 - 80 MHz
 []


Underfull \hbox (badness 10000) in paragraph at lines 193--193
\T1/cmr/m/n/10.95 20 V (ef.)
 []


Overfull \hbox (1.87349pt too wide) in paragraph at lines 193--193
[]\T1/cmr/m/n/10.95 Nemodulovaná
 []


Underfull \hbox (badness 5302) in paragraph at lines 195--195
[]\T1/cmr/m/n/10.95 Rychlé p°e-chodné
 []


Underfull \hbox (badness 1048) in paragraph at lines 195--195
[]\T1/cmr/m/n/10.95 5/50 $\OML/cmm/m/it/10.95 $\T1/cmr/m/n/10.95 s 5 kHz
 []


Underfull \hbox (badness 10000) in paragraph at lines 195--195
[]\T1/cmr/m/n/10.95 Tr/Tn
 []


Underfull \hbox (badness 10000) in paragraph at lines 195--195
\T1/cmr/m/n/10.95 Kmi-to£et
 []


Underfull \hbox (badness 10000) in paragraph at lines 195--195
\T1/cmr/m/n/10.95 opakování
 []


Underfull \hbox (badness 1910) in paragraph at lines 197--197
[]$\OMS/cmsy/m/n/10.95 $ \T1/cmr/m/n/10.95 2 kV 42 $\OT1/cmr/m/n/10.95 
$
 []


Underfull \hbox (badness 10000) in paragraph at lines 197--197
[]\T1/cmr/m/n/10.95 Zku²ební
 []


Underfull \hbox (badness 10000) in paragraph at lines 197--197
\T1/cmr/m/n/10.95 nap¥tí
 []


Underfull \hbox (badness 10000) in paragraph at lines 197--197
\T1/cmr/m/n/10.95 naprázdno,
 []


Underfull \hbox (badness 1910) in paragraph at lines 199--199
[]$\OMS/cmsy/m/n/10.95 $ \T1/cmr/m/n/10.95 1 kV 42 $\OT1/cmr/m/n/10.95 
$
 []


Underfull \hbox (badness 10000) in paragraph at lines 199--199
[]\T1/cmr/m/n/10.95 Zku²ební
 []


Underfull \hbox (badness 10000) in paragraph at lines 199--199
\T1/cmr/m/n/10.95 nap¥tí
 []


Underfull \hbox (badness 10000) in paragraph at lines 199--199
\T1/cmr/m/n/10.95 naprázdno,
 []


Overfull \hbox (3.09447pt too wide) in paragraph at lines 188--202
 [] 
 []


LaTeX Warning: `!h' float specifier changed to `!ht'.

[10] [11]) [12]
Kapitola 4.
(E:\Diplomka_v_LaTeXu\Evlny.tex
Underfull \hbox (badness 10000) in paragraph at lines 5--6

 []


Overfull \hbox (9.1713pt too wide) in paragraph at lines 42--43
[]\T1/cmr/m/n/10.95 Sestavíme difer-en-ciální rovnici pro n¥k-terý z vek-tor· p
ole. Následn¥
 []

[13

]
Underfull \hbox (badness 10000) in paragraph at lines 50--51

 []


Package Fancyhdr Warning: \headheight is too small (13.59999pt): 
 Make it at least 13.85303pt.
 We now make it that large for the rest of the document.
 This may cause the page layout to be inconsistent, however.

[14] [15]
Underfull \hbox (badness 10000) in paragraph at lines 58--61

 []

[16]
Underfull \hbox (badness 10000) in paragraph at lines 65--69

 []

[17]
Underfull \hbox (badness 10000) in paragraph at lines 74--76

 []

[18])
Kapitola 5.
(E:\Diplomka_v_LaTeXu\Simulace.tex [19

]) [20]
Kapitola 6.
(E:\Diplomka_v_LaTeXu\Zaver.tex) [21

] (E:\Diplomka_v_LaTeXu\Literatura.tex
LaTeX Font Info:    Try loading font information for T1+cmtt on input line 14.

("C:\Program Files (x86)\MiKTeX 2.8\tex\latex\base\t1cmtt.fd"
File: t1cmtt.fd 1999/05/25 v2.5h Standard LaTeX font definitions
)) [22


]
(E:\Diplomka_v_LaTeXu\Main.lof)
\tf@lof=\write4
 [23


] (E:\Diplomka_v_LaTeXu\Main.lot)
\tf@lot=\write5
 [24

]
(E:\Diplomka_v_LaTeXu\Priloha.tex
P\v {r}\'{\i }loha A.
<vnuceny_I.png, id=128, 422.5386pt x 297.2706pt>
File: vnuceny_I.png Graphic file (type png)
 <use vnuceny_I.png> [25

 <E:/Diplomka_v_LaTeXu/vnuceny_I.png>] [26] [27]
P\v {r}\'{\i }loha B.
) [28

] (E:\Diplomka_v_LaTeXu\Main.aux (E:\Diplomka_v_LaTeXu\Literatura.aux)) ) 
Here is how much of TeX's memory you used:
 3230 strings out of 495285
 38814 string characters out of 3179827
 101723 words of memory out of 3000000
 6306 multiletter control sequences out of 15000+200000
 25977 words of font info for 67 fonts, out of 3000000 for 9000
 16 hyphenation exceptions out of 8191
 29i,12n,43p,1034b,388s stack positions out of 5000i,500n,10000p,200000b,50000s
{C:/Pr
ogram Files (x86)/MiKTeX 2.8/fonts/enc/dvips/cm-super/cm-super-t1.enc}{C:/Progr
am Files (x86)/MiKTeX 2.8/fonts/enc/dvips/fontname/8r.enc}<C:/Program Files (x8
6)/MiKTeX 2.8/fonts/type1/public/amsfonts/cm/cmex10.pfb><C:/Program Files (x86)
/MiKTeX 2.8/fonts/type1/public/amsfonts/cm/cmmi10.pfb><C:/Program Files (x86)/M
iKTeX 2.8/fonts/type1/public/amsfonts/cm/cmmi8.pfb><C:/Program Files (x86)/MiKT
eX 2.8/fonts/type1/public/amsfonts/cm/cmmib10.pfb><C:/Program Files (x86)/MiKTe
X 2.8/fonts/type1/public/amsfonts/cm/cmr10.pfb><C:/Program Files (x86)/MiKTeX 2
.8/fonts/type1/public/amsfonts/cm/cmr8.pfb><C:/Program Files (x86)/MiKTeX 2.8/f
onts/type1/public/amsfonts/cm/cmsy10.pfb><C:/Program Files (x86)/MiKTeX 2.8/fon
ts/type1/public/amsfonts/cm/cmsy8.pfb><C:/Program Files (x86)/MiKTeX 2.8/fonts/
type1/public/cm-super/sfbx1095.pfb><C:/Program Files (x86)/MiKTeX 2.8/fonts/typ
e1/public/cm-super/sfbx1200.pfb><C:/Program Files (x86)/MiKTeX 2.8/fonts/type1/
public/cm-super/sfbx1440.pfb><C:/Program Files (x86)/MiKTeX 2.8/fonts/type1/pub
lic/cm-super/sfbx1728.pfb><C:/Program Files (x86)/MiKTeX 2.8/fonts/type1/public
/cm-super/sfbx2074.pfb><C:/Program Files (x86)/MiKTeX 2.8/fonts/type1/public/cm
-super/sfcc1095.pfb><C:/Program Files (x86)/MiKTeX 2.8/fonts/type1/public/cm-su
per/sfcc1440.pfb><C:/Program Files (x86)/MiKTeX 2.8/fonts/type1/public/cm-super
/sfrm1095.pfb><C:/Program Files (x86)/MiKTeX 2.8/fonts/type1/public/cm-super/sf
rm2074.pfb><C:/Program Files (x86)/MiKTeX 2.8/fonts/type1/public/cm-super/sfti1
095.pfb><C:/Program Files (x86)/MiKTeX 2.8/fonts/type1/public/cm-super/sftt1095
.pfb><C:/Program Files (x86)/MiKTeX 2.8/fonts/type1/urw/bookman/ubkd8a.pfb>
Output written on Main.pdf (35 pages, 2351966 bytes).
PDF statistics:
 206 PDF objects out of 1000 (max. 8388607)
 0 named destinations out of 1000 (max. 500000)
 51 words of extra memory for PDF output out of 10000 (max. 10000000)

